<?xml version="1.0" encoding="UTF-8"?>
<!-- Generated by org.testng.reporters.JUnitXMLReporter -->
<testsuite hostname="scheveningen.local" name="Default test" tests="8" failures="0" timestamp="15 Feb 2016 06:07:11 GMT" time="0.134" errors="0">
  <testcase name="" time="0.035" classname="com.fola.finance.model.MoneyTest"/>
  <testcase name="" time="0.001" classname="com.fola.finance.model.MoneyTest"/>
  <testcase name="" time="0.002" classname="com.fola.finance.model.MoneyTest"/>
  <testcase name="" time="0.002" classname="com.fola.finance.model.MoneyTest"/>
  <testcase name="" time="0.0" classname="com.fola.finance.model.MoneyTest"/>
  <testcase name="" time="0.001" classname="com.fola.finance.model.MoneyTest"/>
  <testcase name="" time="0.003" classname="com.fola.finance.model.MoneyTest"/>
  <testcase name="" time="0.002" classname="com.fola.finance.model.MoneyTest"/>
</testsuite> <!-- Default test -->
