<?xml version="1.0" encoding="UTF-8"?>
<testng-results skipped="0" failed="0" total="8" passed="8">
  <reporter-output>
  </reporter-output>
  <suite name="Default suite" duration-ms="134" started-at="2016-02-15T06:07:11Z" finished-at="2016-02-15T06:07:11Z">
    <groups>
    </groups>
    <test name="Default test" duration-ms="134" started-at="2016-02-15T06:07:11Z" finished-at="2016-02-15T06:07:11Z">
      <class name="com.fola.finance.model.MoneyTest">
        <test-method status="PASS" signature="constructorShouldSetAmountAndCurrency(int, java.lang.String)[pri:0, instance:com.fola.finance.model.MoneyTest@60d8c9b7]" test-instance-name="" name="constructorShouldSetAmountAndCurrency" duration-ms="35" started-at="2016-02-15T01:07:11Z" data-provider="getMoney" finished-at="2016-02-15T01:07:11Z">
          <params>
            <param index="0">
              <value>
                <![CDATA[10]]>
              </value>
            </param>
            <param index="1">
              <value>
                <![CDATA[USD]]>
              </value>
            </param>
          </params>
          <reporter-output>
          </reporter-output>
        </test-method> <!-- constructorShouldSetAmountAndCurrency -->
        <test-method status="PASS" signature="constructorShouldSetAmountAndCurrency(int, java.lang.String)[pri:0, instance:com.fola.finance.model.MoneyTest@60d8c9b7]" test-instance-name="" name="constructorShouldSetAmountAndCurrency" duration-ms="1" started-at="2016-02-15T01:07:11Z" data-provider="getMoney" finished-at="2016-02-15T01:07:11Z">
          <params>
            <param index="0">
              <value>
                <![CDATA[20]]>
              </value>
            </param>
            <param index="1">
              <value>
                <![CDATA[EUR]]>
              </value>
            </param>
          </params>
          <reporter-output>
          </reporter-output>
        </test-method> <!-- constructorShouldSetAmountAndCurrency -->
        <test-method status="PASS" signature="equals(int, java.lang.String)[pri:0, instance:com.fola.finance.model.MoneyTest@60d8c9b7]" test-instance-name="" name="equals" duration-ms="2" started-at="2016-02-15T01:07:11Z" data-provider="getMoney" finished-at="2016-02-15T01:07:11Z">
          <params>
            <param index="0">
              <value>
                <![CDATA[10]]>
              </value>
            </param>
            <param index="1">
              <value>
                <![CDATA[USD]]>
              </value>
            </param>
          </params>
          <reporter-output>
          </reporter-output>
        </test-method> <!-- equals -->
        <test-method status="PASS" signature="equals(int, java.lang.String)[pri:0, instance:com.fola.finance.model.MoneyTest@60d8c9b7]" test-instance-name="" name="equals" duration-ms="2" started-at="2016-02-15T01:07:11Z" data-provider="getMoney" finished-at="2016-02-15T01:07:11Z">
          <params>
            <param index="0">
              <value>
                <![CDATA[20]]>
              </value>
            </param>
            <param index="1">
              <value>
                <![CDATA[EUR]]>
              </value>
            </param>
          </params>
          <reporter-output>
          </reporter-output>
        </test-method> <!-- equals -->
        <test-method status="PASS" signature="getAmount()[pri:0, instance:com.fola.finance.model.MoneyTest@60d8c9b7]" test-instance-name="" name="getAmount" duration-ms="0" started-at="2016-02-15T01:07:11Z" finished-at="2016-02-15T01:07:11Z">
          <reporter-output>
          </reporter-output>
        </test-method> <!-- getAmount -->
        <test-method status="PASS" signature="getCurrency()[pri:0, instance:com.fola.finance.model.MoneyTest@60d8c9b7]" test-instance-name="" name="getCurrency" duration-ms="1" started-at="2016-02-15T01:07:11Z" finished-at="2016-02-15T01:07:11Z">
          <reporter-output>
          </reporter-output>
        </test-method> <!-- getCurrency -->
        <test-method status="PASS" signature="notEquals(com.fola.finance.model.Money, com.fola.finance.model.Money, com.fola.finance.model.Money)[pri:0, instance:com.fola.finance.model.MoneyTest@60d8c9b7]" test-instance-name="" name="notEquals" duration-ms="3" started-at="2016-02-15T01:07:11Z" data-provider="getMoneyForNotEqualsTest" finished-at="2016-02-15T01:07:11Z">
          <params>
            <param index="0">
              <value>
                <![CDATA[com.fola.finance.model.Money@4c12331b]]>
              </value>
            </param>
            <param index="1">
              <value is-null="true"/>
            </param>
            <param index="2">
              <value>
                <![CDATA[com.fola.finance.model.Money@7586beff]]>
              </value>
            </param>
          </params>
          <reporter-output>
          </reporter-output>
        </test-method> <!-- notEquals -->
        <test-method status="PASS" signature="testNullAndObjectNotEquals()[pri:0, instance:com.fola.finance.model.MoneyTest@60d8c9b7]" test-instance-name="" name="testNullAndObjectNotEquals" duration-ms="2" started-at="2016-02-15T01:07:11Z" finished-at="2016-02-15T01:07:11Z">
          <reporter-output>
          </reporter-output>
        </test-method> <!-- testNullAndObjectNotEquals -->
      </class> <!-- com.fola.finance.model.MoneyTest -->
    </test> <!-- Default test -->
  </suite> <!-- Default suite -->
</testng-results>
